<?xml version="1.0" encoding="UTF-8"?>
<!-- Generated by org.testng.reporters.JUnitReportReporter -->
<testsuite hostname="Admins-Mac-mini.local" failures="0" tests="5" name="datadriventesting.Datadriventest" time="19.238" errors="0" timestamp="2023-12-12T22:21:59 EST" skipped="0">
  <testcase classname="datadriventesting.Datadriventest" name="logintest" time="7.795"/>
  <testcase classname="datadriventesting.Datadriventest" name="logintest" time="2.841"/>
  <testcase classname="datadriventesting.Datadriventest" name="logintest" time="1.703"/>
  <testcase classname="datadriventesting.Datadriventest" name="logintest" time="3.696"/>
  <testcase classname="datadriventesting.Datadriventest" name="logintest" time="3.203"/>
</testsuite> <!-- datadriventesting.Datadriventest -->
